[2026-03-11 19:59:58] ========== TRAINING START ==========
[2026-03-11 19:59:58] Duration: 5m 0s
[2026-03-11 19:59:58] Hardware Profile: A100 80GB - High Performance Mode
[2026-03-11 19:59:58] Dataset: climbmix
[2026-03-11 19:59:58] Shards: 10
[2026-03-11 19:59:58] Workers: 42
[2026-03-11 19:59:58] ====================================
[2026-03-11 20:00:02] Using 'uv' runner to start training (TIME_BUDGET=300s)

[STARTUP] Verifying required packages...
[Fallback] Installing missing dependency: psutil...
[SUCCESS] Successfully installed psutil
[HARDWARE] Profile: A100_HIGH_PERFORMANCE  (depth=8, batch=64, total_tokens=524,288)
Vocab size: 8,192
[BUILD] Building model: depth=8, batch_size=64
Pre-build | VRAM - Allocated: 0.0GB | Reserved: 0.0GB | Available: 60.4GB | Total: 79.2GB
[SUCCESS] Model built successfully with 8 layers
Post-build | VRAM - Allocated: 0.5GB | Reserved: 0.6GB | Available: 59.7GB | Total: 79.2GB
Parameter counts:
  wte                     : 8,388,608
  value_embeds            : 33,554,432
  lm_head                 : 8,388,608
  transformer_matrices    : 100,664,320
  scalars                 : 16
  total                   : 150,995,984
Estimated FLOPs per token: 7.801467e+08
Gradient accumulation steps: 4 (adjusted batch: 524,288 tokens)
Scaling AdamW LRs by 1/sqrt(1024/768) = 0.866025

[STARTUP] Starting training with CURRENT_BATCH_SIZE=64, CURRENT_DEPTH=8
Time budget: 310s
Gradient accumulation steps: 4
step 00000 (0.0%) | loss: 9.011503 | lrm: 1.00 | dt: 43627ms | tok/sec: 12,017 | mfu: 0.2% | epoch: 1 | remaining: 310s    [2026-03-11 20:00:54] [OK] Training initialization complete, timer started
step 00001 (0.0%) | loss: 8.767370 | lrm: 1.00 | dt: 7144ms | tok/sec: 73,392 | mfu: 1.2% | epoch: 1 | remaining: 310s    step 00002 (0.0%) | loss: 8.261072 | lrm: 1.00 | dt: 7332ms | tok/sec: 71,511 | mfu: 1.1% | epoch: 1 | remaining: 310s    step 00003 (0.0%) | loss: 7.762723 | lrm: 1.00 | dt: 6810ms | tok/sec: 76,993 | mfu: 1.2% | epoch: 1 | remaining: 310s    step 00004 (0.0%) | loss: 7.357052 | lrm: 1.00 | dt: 6181ms | tok/sec: 84,816 | mfu: 1.3% | epoch: 1 | remaining: 310s    step 00005 (0.0%) | loss: 7.061914 | lrm: 1.00 | dt: 6260ms | tok/sec: 83,751 | mfu: 1.3% | epoch: 1 | remaining: 310s    step 00006 (0.0%) | loss: 6.832873 | lrm: 1.00 | dt: 6187ms | tok/sec: 84,735 | mfu: 1.3% | epoch: 1 | remaining: 310s    step 00007 (0.0%) | loss: 6.630921 | lrm: 1.00 | dt: 6248ms | tok/sec: 83,909 | mfu: 1.3% | epoch: 1 | remaining: 310s    step 00008 (0.0%) | loss: 6.470248 | lrm: 1.00 | dt: 6483ms | tok/sec: 80,867 | mfu: 1.3% | epoch: 1 | remaining: 310s    step 00009 (0.0%) | loss: 6.330362 | lrm: 1.00 | dt: 6939ms | tok/sec: 75,559 | mfu: 1.2% | epoch: 1 | remaining: 310s    step 00010 (0.0%) | loss: 6.214466 | lrm: 1.00 | dt: 6840ms | tok/sec: 76,652 | mfu: 1.2% | epoch: 1 | remaining: 310s    step 00011 (0.0%) | loss: 6.114037 | lrm: 1.00 | dt: 6891ms | tok/sec: 76,082 | mfu: 1.2% | epoch: 1 | remaining: 303s    step 00012 (2.2%) | loss: 6.028785 | lrm: 1.00 | dt: 6993ms | tok/sec: 74,974 | mfu: 1.2% | epoch: 1 | remaining: 296s    